<?xml version="1.0" encoding="UTF-8"?>
<testng-results ignored="0" total="1" passed="1" failed="0" skipped="0">
  <reporter-output>
  </reporter-output>
  <suite started-at="2024-08-28T18:00:45 IST" name="Default suite" finished-at="2024-08-28T18:00:50 IST" duration-ms="4298">
    <groups>
    </groups>
    <test started-at="2024-08-28T18:00:45 IST" name="Default test" finished-at="2024-08-28T18:00:50 IST" duration-ms="4298">
      <class name="updateBooks">
        <test-method signature="post()[pri:0, instance:updateBooks@11392934]" started-at="2024-08-28T18:00:45 IST" name="post" finished-at="2024-08-28T18:00:50 IST" duration-ms="4213" status="PASS">
          <reporter-output>
          </reporter-output>
        </test-method> <!-- post -->
      </class> <!-- updateBooks -->
    </test> <!-- Default test -->
  </suite> <!-- Default suite -->
</testng-results>
